githubuserfavorite/build/intermediates/manifest_merge_blame_file/debug/manifest-merger-blame-debug-report.txt
1<?xml version="1.0" encoding="utf-8"?>
2<manifest xmlns:android="http://schemas.android.com/apk/res/android"
3    package="com.nfach98.githubuserfavoritefavorite"
4    android:versionCode="1"
5    android:versionName="1.0" >
6
7    <uses-sdk
8        android:minSdkVersion="21"
8-->src\main\AndroidManifest.xml
9        android:targetSdkVersion="30" />
9-->src\main\AndroidManifest.xml
10
11    <uses-permission android:name="android.permission.INTERNET" />
11-->src\main\AndroidManifest.xml:5:5-67
11-->src\main\AndroidManifest.xml:5:22-64
12    <uses-permission android:name="com.nfach98.githubuser.READ_DATABASE" />
12-->src\main\AndroidManifest.xml:6:5-76
12-->src\main\AndroidManifest.xml:6:22-73
13    <uses-permission android:name="com.nfach98.githubuser.WRITE_DATABASE" />
13-->src\main\AndroidManifest.xml:7:5-77
13-->src\main\AndroidManifest.xml:7:22-74
14
15    <queries>
15-->src\main\AndroidManifest.xml:29:5-31:15
16        <package android:name="com.nfach98.githubuser" />
16-->src\main\AndroidManifest.xml:30:9-58
16-->src\main\AndroidManifest.xml:30:18-55
17    </queries>
18
19    <application
19-->src\main\AndroidManifest.xml:9:5-27:19
20        android:allowBackup="true"
20-->src\main\AndroidManifest.xml:10:9-35
21        android:appComponentFactory="androidx.core.app.CoreComponentFactory"
21-->[androidx.core:core:1.3.2] AndroidManifest.xml:24:18-86
22        android:debuggable="true"
23        android:icon="@mipmap/ic_launcher"
23-->src\main\AndroidManifest.xml:11:9-43
24        android:label="@string/app_name"
24-->src\main\AndroidManifest.xml:12:9-41
25        android:roundIcon="@mipmap/ic_launcher_round"
25-->src\main\AndroidManifest.xml:13:9-54
26        android:supportsRtl="true"
26-->src\main\AndroidManifest.xml:14:9-35
27        android:testOnly="true"
28        android:theme="@style/Theme.GithubUser" >
28-->src\main\AndroidManifest.xml:15:9-48
29        <activity android:name="com.nfach98.githubuserfavorite.app.main.MainActivity" >
29-->src\main\AndroidManifest.xml:16:9-17:20
29-->src\main\AndroidManifest.xml:16:19-86
30        </activity>
31        <activity
31-->src\main\AndroidManifest.xml:18:9-20:67
32            android:name="com.nfach98.githubuserfavorite.app.detail.DetailActivity"
32-->src\main\AndroidManifest.xml:19:13-84
33            android:theme="@style/Theme.GithubUser.NoActionBar" />
33-->src\main\AndroidManifest.xml:20:13-64
34        <activity android:name="com.nfach98.githubuserfavorite.app.splash.SplashActivity" >
34-->src\main\AndroidManifest.xml:21:9-26:20
34-->src\main\AndroidManifest.xml:21:19-90
35            <intent-filter>
35-->src\main\AndroidManifest.xml:22:13-25:29
36                <action android:name="android.intent.action.MAIN" />
36-->src\main\AndroidManifest.xml:23:17-69
36-->src\main\AndroidManifest.xml:23:25-66
37
38                <category android:name="android.intent.category.LAUNCHER" />
38-->src\main\AndroidManifest.xml:24:17-77
38-->src\main\AndroidManifest.xml:24:27-74
39            </intent-filter>
40        </activity>
41
42        <provider
42-->[com.squareup.picasso:picasso:2.71828] AndroidManifest.xml:8:9-11:40
43            android:name="com.squareup.picasso.PicassoProvider"
43-->[com.squareup.picasso:picasso:2.71828] AndroidManifest.xml:9:13-64
44            android:authorities="com.nfach98.githubuserfavoritefavorite.com.squareup.picasso"
44-->[com.squareup.picasso:picasso:2.71828] AndroidManifest.xml:10:13-72
45            android:exported="false" />
45-->[com.squareup.picasso:picasso:2.71828] AndroidManifest.xml:11:13-37
46
47        <service
47-->[androidx.room:room-runtime:2.2.6] AndroidManifest.xml:25:9-28:40
48            android:name="androidx.room.MultiInstanceInvalidationService"
48-->[androidx.room:room-runtime:2.2.6] AndroidManifest.xml:26:13-74
49            android:directBootAware="true"
49-->[androidx.room:room-runtime:2.2.6] AndroidManifest.xml:27:13-43
50            android:exported="false" />
50-->[androidx.room:room-runtime:2.2.6] AndroidManifest.xml:28:13-37
51    </application>
52
53</manifest>